<?xml version="1.0" encoding="UTF-8"?><testsuite failures="0" name="cucumber.runtime.formatter.JUnitFormatter" skipped="0" tests="2" time="136.340388">
<testcase classname="Free CRM Login Feature" name="Free CRM Login Test Scenario" time="93.493996">
<system-out><![CDATA[Given user is already on Login Page.........................................passed
]]></system-out>
</testcase>
<testcase classname="Free CRM Login Feature" name="Free CRM Login Test Scenario 2" time="42.846392">
<system-out><![CDATA[Given user is already on Login Page.........................................passed
]]></system-out>
</testcase>
</testsuite>
